<?xml version="1.0" encoding="UTF-8"?>
<!-- Generated by org.testng.reporters.JUnitReportReporter -->
<testsuite hostname="LAPTOP-9R8J0387" failures="0" tests="1" name="defaultPack.TestBing" time="5.279" errors="0" timestamp="2022-09-10T15:39:45 IDT" skipped="0">
  <testcase classname="defaultPack.TestBing" name="testBing" time="5.279"/>
  <system-out/>
</testsuite> <!-- defaultPack.TestBing -->
