<?xml version="1.0" encoding="UTF-8"?>
<!-- Generated by org.testng.reporters.JUnitReportReporter -->
<testsuite hostname="LAPTOP-BFM5BG7L" failures="0" tests="1" name="TestBing" time="3.952" errors="0" timestamp="2022-09-27T17:40:07 IDT" skipped="0">
  <testcase classname="TestBing" name="testBing" time="3.952"/>
  <system-out/>
</testsuite> <!-- TestBing -->
