<?xml version="1.0" encoding="UTF-8"?>
<!-- Generated by org.testng.reporters.JUnitReportReporter -->
<testsuite hostname="LAPTOP-BFM5BG7L" failures="0" tests="4" name="TrelloTask1.TestLoginTrello" time="17.222" errors="0" timestamp="2022-10-01T06:49:12 IDT" skipped="0">
  <testcase classname="TrelloTask1.TestLoginTrello" name="loginEmailTest" time="2.488"/>
  <system-out/>
  <testcase classname="TrelloTask1.TestLoginTrello" name="addTitleAndConfirm" time="4.512"/>
  <system-out/>
  <testcase classname="TrelloTask1.TestLoginTrello" name="CreateNewBoardTest" time="7.365"/>
  <system-out/>
  <testcase classname="TrelloTask1.TestLoginTrello" name="loginPasswordTest" time="2.857"/>
  <system-out/>
</testsuite> <!-- TrelloTask1.TestLoginTrello -->
